This file contains any messages produced by compilers while
running configure, to aid debugging if configure makes a mistake.

It was created by ConnectionSource configure 1.0.0, which was
generated by GNU Autoconf 2.69.  Invocation command line was

  $ ./configure 

## --------- ##
## Platform. ##
## --------- ##

hostname = eaf5d12d0f93
uname -m = x86_64
uname -r = 5.6.13-200.fc31.x86_64
uname -s = Linux
uname -v = #1 SMP Thu May 14 23:26:14 UTC 2020

/usr/bin/uname -p = x86_64
/bin/uname -X     = unknown

/bin/arch              = x86_64
/usr/bin/arch -k       = unknown
/usr/convex/getsysinfo = unknown
/usr/bin/hostinfo      = unknown
/bin/machine           = unknown
/usr/bin/oslevel       = unknown
/bin/universe          = unknown

PATH: /usr/local/redhawk/core/bin
PATH: /usr/local/sbin
PATH: /usr/local/bin
PATH: /usr/sbin
PATH: /usr/bin
PATH: /sbin
PATH: /bin
PATH: /root/bin


## ----------- ##
## Core tests. ##
## ----------- ##

configure:2362: checking for a BSD-compatible install
configure:2430: result: /usr/bin/install -c
configure:2441: checking whether build environment is sane
configure:2496: result: yes
configure:2647: checking for a thread-safe mkdir -p
configure:2686: result: /usr/bin/mkdir -p
configure:2693: checking for gawk
configure:2709: found /usr/bin/gawk
configure:2720: result: gawk
configure:2731: checking whether make sets $(MAKE)
configure:2753: result: yes
configure:2782: checking whether make supports nested variables
configure:2799: result: yes
configure:2913: checking build system type
configure:2927: result: x86_64-unknown-linux-gnu
configure:2947: checking host system type
configure:2960: result: x86_64-unknown-linux-gnu
configure:3001: checking how to print strings
configure:3028: result: printf
configure:3061: checking for style of include used by make
configure:3089: result: GNU
configure:3160: checking for gcc
configure:3176: found /usr/bin/gcc
configure:3187: result: gcc
configure:3416: checking for C compiler version
configure:3425: gcc --version >&5
gcc (GCC) 4.8.5 20150623 (Red Hat 4.8.5-36)
Copyright (C) 2015 Free Software Foundation, Inc.
This is free software; see the source for copying conditions.  There is NO
warranty; not even for MERCHANTABILITY or FITNESS FOR A PARTICULAR PURPOSE.

configure:3436: $? = 0
configure:3425: gcc -v >&5
Using built-in specs.
COLLECT_GCC=gcc
COLLECT_LTO_WRAPPER=/usr/libexec/gcc/x86_64-redhat-linux/4.8.5/lto-wrapper
Target: x86_64-redhat-linux
Configured with: ../configure --prefix=/usr --mandir=/usr/share/man --infodir=/usr/share/info --with-bugurl=http://bugzilla.redhat.com/bugzilla --enable-bootstrap --enable-shared --enable-threads=posix --enable-checking=release --with-system-zlib --enable-__cxa_atexit --disable-libunwind-exceptions --enable-gnu-unique-object --enable-linker-build-id --with-linker-hash-style=gnu --enable-languages=c,c++,objc,obj-c++,java,fortran,ada,go,lto --enable-plugin --enable-initfini-array --disable-libgcj --with-isl=/builddir/build/BUILD/gcc-4.8.5-20150702/obj-x86_64-redhat-linux/isl-install --with-cloog=/builddir/build/BUILD/gcc-4.8.5-20150702/obj-x86_64-redhat-linux/cloog-install --enable-gnu-indirect-function --with-tune=generic --with-arch_32=x86-64 --build=x86_64-redhat-linux
Thread model: posix
gcc version 4.8.5 20150623 (Red Hat 4.8.5-36) (GCC) 
configure:3436: $? = 0
configure:3425: gcc -V >&5
gcc: error: unrecognized command line option '-V'
gcc: fatal error: no input files
compilation terminated.
configure:3436: $? = 4
configure:3425: gcc -qversion >&5
gcc: error: unrecognized command line option '-qversion'
gcc: fatal error: no input files
compilation terminated.
configure:3436: $? = 4
configure:3456: checking whether the C compiler works
configure:3478: gcc    conftest.c  >&5
configure:3482: $? = 0
configure:3530: result: yes
configure:3533: checking for C compiler default output file name
configure:3535: result: a.out
configure:3541: checking for suffix of executables
configure:3548: gcc -o conftest    conftest.c  >&5
configure:3552: $? = 0
configure:3574: result: 
configure:3596: checking whether we are cross compiling
configure:3604: gcc -o conftest    conftest.c  >&5
configure:3608: $? = 0
configure:3615: ./conftest
configure:3619: $? = 0
configure:3634: result: no
configure:3639: checking for suffix of object files
configure:3661: gcc -c   conftest.c >&5
configure:3665: $? = 0
configure:3686: result: o
configure:3690: checking whether we are using the GNU C compiler
configure:3709: gcc -c   conftest.c >&5
configure:3709: $? = 0
configure:3718: result: yes
configure:3727: checking whether gcc accepts -g
configure:3747: gcc -c -g  conftest.c >&5
configure:3747: $? = 0
configure:3788: result: yes
configure:3805: checking for gcc option to accept ISO C89
configure:3868: gcc  -c -g -O2  conftest.c >&5
configure:3868: $? = 0
configure:3881: result: none needed
configure:3903: checking dependency style of gcc
configure:4014: result: gcc3
configure:4029: checking for a sed that does not truncate output
configure:4093: result: /usr/bin/sed
configure:4111: checking for grep that handles long lines and -e
configure:4169: result: /usr/bin/grep
configure:4174: checking for egrep
configure:4236: result: /usr/bin/grep -E
configure:4241: checking for fgrep
configure:4303: result: /usr/bin/grep -F
configure:4338: checking for ld used by gcc
configure:4405: result: /usr/bin/ld
configure:4412: checking if the linker (/usr/bin/ld) is GNU ld
configure:4427: result: yes
configure:4439: checking for BSD- or MS-compatible name lister (nm)
configure:4488: result: /usr/bin/nm -B
configure:4618: checking the name lister (/usr/bin/nm -B) interface
configure:4625: gcc -c -g -O2  conftest.c >&5
configure:4628: /usr/bin/nm -B "conftest.o"
configure:4631: output
0000000000000000 B some_variable
configure:4638: result: BSD nm
configure:4641: checking whether ln -s works
configure:4645: result: yes
configure:4653: checking the maximum length of command line arguments
configure:4783: result: 1572864
configure:4800: checking whether the shell understands some XSI constructs
configure:4810: result: yes
configure:4814: checking whether the shell understands "+="
configure:4820: result: yes
configure:4855: checking how to convert x86_64-unknown-linux-gnu file names to x86_64-unknown-linux-gnu format
configure:4895: result: func_convert_file_noop
configure:4902: checking how to convert x86_64-unknown-linux-gnu file names to toolchain format
configure:4922: result: func_convert_file_noop
configure:4929: checking for /usr/bin/ld option to reload object files
configure:4936: result: -r
configure:5010: checking for objdump
configure:5026: found /usr/bin/objdump
configure:5037: result: objdump
configure:5069: checking how to recognize dependent libraries
configure:5271: result: pass_all
configure:5356: checking for dlltool
configure:5386: result: no
configure:5416: checking how to associate runtime and link libraries
configure:5443: result: printf %s\n
configure:5504: checking for ar
configure:5520: found /usr/bin/ar
configure:5531: result: ar
configure:5568: checking for archiver @FILE support
configure:5585: gcc -c -g -O2  conftest.c >&5
configure:5585: $? = 0
configure:5588: ar cru libconftest.a @conftest.lst >&5
configure:5591: $? = 0
configure:5596: ar cru libconftest.a @conftest.lst >&5
ar: conftest.o: No such file or directory
configure:5599: $? = 1
configure:5611: result: @
configure:5669: checking for strip
configure:5685: found /usr/bin/strip
configure:5696: result: strip
configure:5768: checking for ranlib
configure:5784: found /usr/bin/ranlib
configure:5795: result: ranlib
configure:5897: checking command to parse /usr/bin/nm -B output from gcc object
configure:6017: gcc -c -g -O2  conftest.c >&5
configure:6020: $? = 0
configure:6024: /usr/bin/nm -B conftest.o \| sed -n -e 's/^.*[ ]\([ABCDGIRSTW][ABCDGIRSTW]*\)[ ][ ]*\([_A-Za-z][_A-Za-z0-9]*\)$/\1 \2 \2/p' | sed '/ __gnu_lto/d' \> conftest.nm
configure:6027: $? = 0
configure:6093: gcc -o conftest -g -O2   conftest.c conftstm.o >&5
configure:6096: $? = 0
configure:6134: result: ok
configure:6171: checking for sysroot
configure:6201: result: no
configure:6278: gcc -c -g -O2  conftest.c >&5
configure:6281: $? = 0
configure:6457: checking for mt
configure:6487: result: no
configure:6507: checking if : is a manifest tool
configure:6513: : '-?'
configure:6521: result: no
configure:7163: checking how to run the C preprocessor
configure:7194: gcc -E  conftest.c
configure:7194: $? = 0
configure:7208: gcc -E  conftest.c
conftest.c:11:28: fatal error: ac_nonexistent.h: No such file or directory
 #include <ac_nonexistent.h>
                            ^
compilation terminated.
configure:7208: $? = 1
configure: failed program was:
| /* confdefs.h */
| #define PACKAGE_NAME "ConnectionSource"
| #define PACKAGE_TARNAME "connectionsource"
| #define PACKAGE_VERSION "1.0.0"
| #define PACKAGE_STRING "ConnectionSource 1.0.0"
| #define PACKAGE_BUGREPORT ""
| #define PACKAGE_URL ""
| #define PACKAGE "connectionsource"
| #define VERSION "1.0.0"
| /* end confdefs.h.  */
| #include <ac_nonexistent.h>
configure:7233: result: gcc -E
configure:7253: gcc -E  conftest.c
configure:7253: $? = 0
configure:7267: gcc -E  conftest.c
conftest.c:11:28: fatal error: ac_nonexistent.h: No such file or directory
 #include <ac_nonexistent.h>
                            ^
compilation terminated.
configure:7267: $? = 1
configure: failed program was:
| /* confdefs.h */
| #define PACKAGE_NAME "ConnectionSource"
| #define PACKAGE_TARNAME "connectionsource"
| #define PACKAGE_VERSION "1.0.0"
| #define PACKAGE_STRING "ConnectionSource 1.0.0"
| #define PACKAGE_BUGREPORT ""
| #define PACKAGE_URL ""
| #define PACKAGE "connectionsource"
| #define VERSION "1.0.0"
| /* end confdefs.h.  */
| #include <ac_nonexistent.h>
configure:7296: checking for ANSI C header files
configure:7316: gcc -c -g -O2  conftest.c >&5
configure:7316: $? = 0
configure:7389: gcc -o conftest -g -O2   conftest.c  >&5
configure:7389: $? = 0
configure:7389: ./conftest
configure:7389: $? = 0
configure:7400: result: yes
configure:7413: checking for sys/types.h
configure:7413: gcc -c -g -O2  conftest.c >&5
configure:7413: $? = 0
configure:7413: result: yes
configure:7413: checking for sys/stat.h
configure:7413: gcc -c -g -O2  conftest.c >&5
configure:7413: $? = 0
configure:7413: result: yes
configure:7413: checking for stdlib.h
configure:7413: gcc -c -g -O2  conftest.c >&5
configure:7413: $? = 0
configure:7413: result: yes
configure:7413: checking for string.h
configure:7413: gcc -c -g -O2  conftest.c >&5
configure:7413: $? = 0
configure:7413: result: yes
configure:7413: checking for memory.h
configure:7413: gcc -c -g -O2  conftest.c >&5
configure:7413: $? = 0
configure:7413: result: yes
configure:7413: checking for strings.h
configure:7413: gcc -c -g -O2  conftest.c >&5
configure:7413: $? = 0
configure:7413: result: yes
configure:7413: checking for inttypes.h
configure:7413: gcc -c -g -O2  conftest.c >&5
configure:7413: $? = 0
configure:7413: result: yes
configure:7413: checking for stdint.h
configure:7413: gcc -c -g -O2  conftest.c >&5
configure:7413: $? = 0
configure:7413: result: yes
configure:7413: checking for unistd.h
configure:7413: gcc -c -g -O2  conftest.c >&5
configure:7413: $? = 0
configure:7413: result: yes
configure:7427: checking for dlfcn.h
configure:7427: gcc -c -g -O2  conftest.c >&5
configure:7427: $? = 0
configure:7427: result: yes
configure:7632: checking for objdir
configure:7647: result: .libs
configure:7918: checking if gcc supports -fno-rtti -fno-exceptions
configure:7936: gcc -c -g -O2  -fno-rtti -fno-exceptions conftest.c >&5
cc1: warning: command line option '-fno-rtti' is valid for C++/ObjC++ but not for C [enabled by default]
configure:7940: $? = 0
configure:7953: result: no
configure:8280: checking for gcc option to produce PIC
configure:8287: result: -fPIC -DPIC
configure:8295: checking if gcc PIC flag -fPIC -DPIC works
configure:8313: gcc -c -g -O2  -fPIC -DPIC -DPIC conftest.c >&5
configure:8317: $? = 0
configure:8330: result: yes
configure:8359: checking if gcc static flag -static works
configure:8387: result: no
configure:8402: checking if gcc supports -c -o file.o
configure:8423: gcc -c -g -O2  -o out/conftest2.o conftest.c >&5
configure:8427: $? = 0
configure:8449: result: yes
configure:8457: checking if gcc supports -c -o file.o
configure:8504: result: yes
configure:8537: checking whether the gcc linker (/usr/bin/ld -m elf_x86_64) supports shared libraries
configure:9690: result: yes
configure:9727: checking whether -lc should be explicitly linked in
configure:9735: gcc -c -g -O2  conftest.c >&5
configure:9738: $? = 0
configure:9753: gcc -shared  -fPIC -DPIC conftest.o  -v -Wl,-soname -Wl,conftest -o conftest 2\>\&1 \| /usr/bin/grep  -lc  \>/dev/null 2\>\&1
configure:9756: $? = 0
configure:9770: result: no
configure:9930: checking dynamic linker characteristics
configure:10441: gcc -o conftest -g -O2   -Wl,-rpath -Wl,/foo conftest.c  >&5
configure:10441: $? = 0
configure:10667: result: GNU/Linux ld.so
configure:10774: checking how to hardcode library paths into programs
configure:10799: result: immediate
configure:10893: checking for shl_load
configure:10893: gcc -o conftest -g -O2   conftest.c  >&5
/tmp/ccHyJ4DH.o: In function `main':
/home/user/workspace/ConnectionSource/cpp/conftest.c:57: undefined reference to `shl_load'
collect2: error: ld returned 1 exit status
configure:10893: $? = 1
configure: failed program was:
| /* confdefs.h */
| #define PACKAGE_NAME "ConnectionSource"
| #define PACKAGE_TARNAME "connectionsource"
| #define PACKAGE_VERSION "1.0.0"
| #define PACKAGE_STRING "ConnectionSource 1.0.0"
| #define PACKAGE_BUGREPORT ""
| #define PACKAGE_URL ""
| #define PACKAGE "connectionsource"
| #define VERSION "1.0.0"
| #define STDC_HEADERS 1
| #define HAVE_SYS_TYPES_H 1
| #define HAVE_SYS_STAT_H 1
| #define HAVE_STDLIB_H 1
| #define HAVE_STRING_H 1
| #define HAVE_MEMORY_H 1
| #define HAVE_STRINGS_H 1
| #define HAVE_INTTYPES_H 1
| #define HAVE_STDINT_H 1
| #define HAVE_UNISTD_H 1
| #define HAVE_DLFCN_H 1
| #define LT_OBJDIR ".libs/"
| /* end confdefs.h.  */
| /* Define shl_load to an innocuous variant, in case <limits.h> declares shl_load.
|    For example, HP-UX 11i <limits.h> declares gettimeofday.  */
| #define shl_load innocuous_shl_load
| 
| /* System header to define __stub macros and hopefully few prototypes,
|     which can conflict with char shl_load (); below.
|     Prefer <limits.h> to <assert.h> if __STDC__ is defined, since
|     <limits.h> exists even on freestanding compilers.  */
| 
| #ifdef __STDC__
| # include <limits.h>
| #else
| # include <assert.h>
| #endif
| 
| #undef shl_load
| 
| /* Override any GCC internal prototype to avoid an error.
|    Use char because int might match the return type of a GCC
|    builtin and then its argument prototype would still apply.  */
| #ifdef __cplusplus
| extern "C"
| #endif
| char shl_load ();
| /* The GNU C library defines this for functions which it implements
|     to always fail with ENOSYS.  Some functions are actually named
|     something starting with __ and the normal name is an alias.  */
| #if defined __stub_shl_load || defined __stub___shl_load
| choke me
| #endif
| 
| int
| main ()
| {
| return shl_load ();
|   ;
|   return 0;
| }
configure:10893: result: no
configure:10897: checking for shl_load in -ldld
configure:10922: gcc -o conftest -g -O2   conftest.c -ldld   >&5
/usr/bin/ld: cannot find -ldld
collect2: error: ld returned 1 exit status
configure:10922: $? = 1
configure: failed program was:
| /* confdefs.h */
| #define PACKAGE_NAME "ConnectionSource"
| #define PACKAGE_TARNAME "connectionsource"
| #define PACKAGE_VERSION "1.0.0"
| #define PACKAGE_STRING "ConnectionSource 1.0.0"
| #define PACKAGE_BUGREPORT ""
| #define PACKAGE_URL ""
| #define PACKAGE "connectionsource"
| #define VERSION "1.0.0"
| #define STDC_HEADERS 1
| #define HAVE_SYS_TYPES_H 1
| #define HAVE_SYS_STAT_H 1
| #define HAVE_STDLIB_H 1
| #define HAVE_STRING_H 1
| #define HAVE_MEMORY_H 1
| #define HAVE_STRINGS_H 1
| #define HAVE_INTTYPES_H 1
| #define HAVE_STDINT_H 1
| #define HAVE_UNISTD_H 1
| #define HAVE_DLFCN_H 1
| #define LT_OBJDIR ".libs/"
| /* end confdefs.h.  */
| 
| /* Override any GCC internal prototype to avoid an error.
|    Use char because int might match the return type of a GCC
|    builtin and then its argument prototype would still apply.  */
| #ifdef __cplusplus
| extern "C"
| #endif
| char shl_load ();
| int
| main ()
| {
| return shl_load ();
|   ;
|   return 0;
| }
configure:10931: result: no
configure:10936: checking for dlopen
configure:10936: gcc -o conftest -g -O2   conftest.c  >&5
/tmp/ccnBUoXK.o: In function `main':
/home/user/workspace/ConnectionSource/cpp/conftest.c:57: undefined reference to `dlopen'
collect2: error: ld returned 1 exit status
configure:10936: $? = 1
configure: failed program was:
| /* confdefs.h */
| #define PACKAGE_NAME "ConnectionSource"
| #define PACKAGE_TARNAME "connectionsource"
| #define PACKAGE_VERSION "1.0.0"
| #define PACKAGE_STRING "ConnectionSource 1.0.0"
| #define PACKAGE_BUGREPORT ""
| #define PACKAGE_URL ""
| #define PACKAGE "connectionsource"
| #define VERSION "1.0.0"
| #define STDC_HEADERS 1
| #define HAVE_SYS_TYPES_H 1
| #define HAVE_SYS_STAT_H 1
| #define HAVE_STDLIB_H 1
| #define HAVE_STRING_H 1
| #define HAVE_MEMORY_H 1
| #define HAVE_STRINGS_H 1
| #define HAVE_INTTYPES_H 1
| #define HAVE_STDINT_H 1
| #define HAVE_UNISTD_H 1
| #define HAVE_DLFCN_H 1
| #define LT_OBJDIR ".libs/"
| /* end confdefs.h.  */
| /* Define dlopen to an innocuous variant, in case <limits.h> declares dlopen.
|    For example, HP-UX 11i <limits.h> declares gettimeofday.  */
| #define dlopen innocuous_dlopen
| 
| /* System header to define __stub macros and hopefully few prototypes,
|     which can conflict with char dlopen (); below.
|     Prefer <limits.h> to <assert.h> if __STDC__ is defined, since
|     <limits.h> exists even on freestanding compilers.  */
| 
| #ifdef __STDC__
| # include <limits.h>
| #else
| # include <assert.h>
| #endif
| 
| #undef dlopen
| 
| /* Override any GCC internal prototype to avoid an error.
|    Use char because int might match the return type of a GCC
|    builtin and then its argument prototype would still apply.  */
| #ifdef __cplusplus
| extern "C"
| #endif
| char dlopen ();
| /* The GNU C library defines this for functions which it implements
|     to always fail with ENOSYS.  Some functions are actually named
|     something starting with __ and the normal name is an alias.  */
| #if defined __stub_dlopen || defined __stub___dlopen
| choke me
| #endif
| 
| int
| main ()
| {
| return dlopen ();
|   ;
|   return 0;
| }
configure:10936: result: no
configure:10940: checking for dlopen in -ldl
configure:10965: gcc -o conftest -g -O2   conftest.c -ldl   >&5
configure:10965: $? = 0
configure:10974: result: yes
configure:11093: checking whether a program can dlopen itself
configure:11173: gcc -o conftest -g -O2  -DHAVE_DLFCN_H  -Wl,--export-dynamic conftest.c -ldl  >&5
configure:11176: $? = 0
configure:11194: result: yes
configure:11199: checking whether a statically linked program can dlopen itself
configure:11279: gcc -o conftest -g -O2  -DHAVE_DLFCN_H  -Wl,--export-dynamic  conftest.c -ldl  >&5
configure:11282: $? = 0
configure:11300: result: yes
configure:11339: checking whether stripping libraries is possible
configure:11344: result: yes
configure:11379: checking if libtool supports shared libraries
configure:11381: result: yes
configure:11384: checking whether to build shared libraries
configure:11405: result: yes
configure:11408: checking whether to build static libraries
configure:11412: result: yes
configure:11498: checking for gcc
configure:11525: result: gcc
configure:11754: checking for C compiler version
configure:11763: gcc --version >&5
gcc (GCC) 4.8.5 20150623 (Red Hat 4.8.5-36)
Copyright (C) 2015 Free Software Foundation, Inc.
This is free software; see the source for copying conditions.  There is NO
warranty; not even for MERCHANTABILITY or FITNESS FOR A PARTICULAR PURPOSE.

configure:11774: $? = 0
configure:11763: gcc -v >&5
Using built-in specs.
COLLECT_GCC=gcc
COLLECT_LTO_WRAPPER=/usr/libexec/gcc/x86_64-redhat-linux/4.8.5/lto-wrapper
Target: x86_64-redhat-linux
Configured with: ../configure --prefix=/usr --mandir=/usr/share/man --infodir=/usr/share/info --with-bugurl=http://bugzilla.redhat.com/bugzilla --enable-bootstrap --enable-shared --enable-threads=posix --enable-checking=release --with-system-zlib --enable-__cxa_atexit --disable-libunwind-exceptions --enable-gnu-unique-object --enable-linker-build-id --with-linker-hash-style=gnu --enable-languages=c,c++,objc,obj-c++,java,fortran,ada,go,lto --enable-plugin --enable-initfini-array --disable-libgcj --with-isl=/builddir/build/BUILD/gcc-4.8.5-20150702/obj-x86_64-redhat-linux/isl-install --with-cloog=/builddir/build/BUILD/gcc-4.8.5-20150702/obj-x86_64-redhat-linux/cloog-install --enable-gnu-indirect-function --with-tune=generic --with-arch_32=x86-64 --build=x86_64-redhat-linux
Thread model: posix
gcc version 4.8.5 20150623 (Red Hat 4.8.5-36) (GCC) 
configure:11774: $? = 0
configure:11763: gcc -V >&5
gcc: error: unrecognized command line option '-V'
gcc: fatal error: no input files
compilation terminated.
configure:11774: $? = 4
configure:11763: gcc -qversion >&5
gcc: error: unrecognized command line option '-qversion'
gcc: fatal error: no input files
compilation terminated.
configure:11774: $? = 4
configure:11778: checking whether we are using the GNU C compiler
configure:11806: result: yes
configure:11815: checking whether gcc accepts -g
configure:11876: result: yes
configure:11893: checking for gcc option to accept ISO C89
configure:11969: result: none needed
configure:11991: checking dependency style of gcc
configure:12102: result: gcc3
configure:12175: checking for g++
configure:12191: found /usr/bin/g++
configure:12202: result: g++
configure:12229: checking for C++ compiler version
configure:12238: g++ --version >&5
g++ (GCC) 4.8.5 20150623 (Red Hat 4.8.5-36)
Copyright (C) 2015 Free Software Foundation, Inc.
This is free software; see the source for copying conditions.  There is NO
warranty; not even for MERCHANTABILITY or FITNESS FOR A PARTICULAR PURPOSE.

configure:12249: $? = 0
configure:12238: g++ -v >&5
Using built-in specs.
COLLECT_GCC=g++
COLLECT_LTO_WRAPPER=/usr/libexec/gcc/x86_64-redhat-linux/4.8.5/lto-wrapper
Target: x86_64-redhat-linux
Configured with: ../configure --prefix=/usr --mandir=/usr/share/man --infodir=/usr/share/info --with-bugurl=http://bugzilla.redhat.com/bugzilla --enable-bootstrap --enable-shared --enable-threads=posix --enable-checking=release --with-system-zlib --enable-__cxa_atexit --disable-libunwind-exceptions --enable-gnu-unique-object --enable-linker-build-id --with-linker-hash-style=gnu --enable-languages=c,c++,objc,obj-c++,java,fortran,ada,go,lto --enable-plugin --enable-initfini-array --disable-libgcj --with-isl=/builddir/build/BUILD/gcc-4.8.5-20150702/obj-x86_64-redhat-linux/isl-install --with-cloog=/builddir/build/BUILD/gcc-4.8.5-20150702/obj-x86_64-redhat-linux/cloog-install --enable-gnu-indirect-function --with-tune=generic --with-arch_32=x86-64 --build=x86_64-redhat-linux
Thread model: posix
gcc version 4.8.5 20150623 (Red Hat 4.8.5-36) (GCC) 
configure:12249: $? = 0
configure:12238: g++ -V >&5
g++: error: unrecognized command line option '-V'
g++: fatal error: no input files
compilation terminated.
configure:12249: $? = 4
configure:12238: g++ -qversion >&5
g++: error: unrecognized command line option '-qversion'
g++: fatal error: no input files
compilation terminated.
configure:12249: $? = 4
configure:12253: checking whether we are using the GNU C++ compiler
configure:12272: g++ -c   conftest.cpp >&5
configure:12272: $? = 0
configure:12281: result: yes
configure:12290: checking whether g++ accepts -g
configure:12310: g++ -c -g  conftest.cpp >&5
configure:12310: $? = 0
configure:12351: result: yes
configure:12376: checking dependency style of g++
configure:12487: result: gcc3
configure:12520: checking how to run the C++ preprocessor
configure:12547: g++ -E  conftest.cpp
configure:12547: $? = 0
configure:12561: g++ -E  conftest.cpp
conftest.cpp:23:28: fatal error: ac_nonexistent.h: No such file or directory
 #include <ac_nonexistent.h>
                            ^
compilation terminated.
configure:12561: $? = 1
configure: failed program was:
| /* confdefs.h */
| #define PACKAGE_NAME "ConnectionSource"
| #define PACKAGE_TARNAME "connectionsource"
| #define PACKAGE_VERSION "1.0.0"
| #define PACKAGE_STRING "ConnectionSource 1.0.0"
| #define PACKAGE_BUGREPORT ""
| #define PACKAGE_URL ""
| #define PACKAGE "connectionsource"
| #define VERSION "1.0.0"
| #define STDC_HEADERS 1
| #define HAVE_SYS_TYPES_H 1
| #define HAVE_SYS_STAT_H 1
| #define HAVE_STDLIB_H 1
| #define HAVE_STRING_H 1
| #define HAVE_MEMORY_H 1
| #define HAVE_STRINGS_H 1
| #define HAVE_INTTYPES_H 1
| #define HAVE_STDINT_H 1
| #define HAVE_UNISTD_H 1
| #define HAVE_DLFCN_H 1
| #define LT_OBJDIR ".libs/"
| /* end confdefs.h.  */
| #include <ac_nonexistent.h>
configure:12586: result: g++ -E
configure:12606: g++ -E  conftest.cpp
configure:12606: $? = 0
configure:12620: g++ -E  conftest.cpp
conftest.cpp:23:28: fatal error: ac_nonexistent.h: No such file or directory
 #include <ac_nonexistent.h>
                            ^
compilation terminated.
configure:12620: $? = 1
configure: failed program was:
| /* confdefs.h */
| #define PACKAGE_NAME "ConnectionSource"
| #define PACKAGE_TARNAME "connectionsource"
| #define PACKAGE_VERSION "1.0.0"
| #define PACKAGE_STRING "ConnectionSource 1.0.0"
| #define PACKAGE_BUGREPORT ""
| #define PACKAGE_URL ""
| #define PACKAGE "connectionsource"
| #define VERSION "1.0.0"
| #define STDC_HEADERS 1
| #define HAVE_SYS_TYPES_H 1
| #define HAVE_SYS_STAT_H 1
| #define HAVE_STDLIB_H 1
| #define HAVE_STRING_H 1
| #define HAVE_MEMORY_H 1
| #define HAVE_STRINGS_H 1
| #define HAVE_INTTYPES_H 1
| #define HAVE_STDINT_H 1
| #define HAVE_UNISTD_H 1
| #define HAVE_DLFCN_H 1
| #define LT_OBJDIR ".libs/"
| /* end confdefs.h.  */
| #include <ac_nonexistent.h>
configure:12789: checking for ld used by g++
configure:12856: result: /usr/bin/ld -m elf_x86_64
configure:12863: checking if the linker (/usr/bin/ld -m elf_x86_64) is GNU ld
configure:12878: result: yes
configure:12933: checking whether the g++ linker (/usr/bin/ld -m elf_x86_64) supports shared libraries
configure:13938: result: yes
configure:13974: g++ -c -g -O2  conftest.cpp >&5
configure:13977: $? = 0
configure:14497: checking for g++ option to produce PIC
configure:14504: result: -fPIC -DPIC
configure:14512: checking if g++ PIC flag -fPIC -DPIC works
configure:14530: g++ -c -g -O2  -fPIC -DPIC -DPIC conftest.cpp >&5
configure:14534: $? = 0
configure:14547: result: yes
configure:14570: checking if g++ static flag -static works
configure:14598: result: no
configure:14610: checking if g++ supports -c -o file.o
configure:14631: g++ -c -g -O2  -o out/conftest2.o conftest.cpp >&5
configure:14635: $? = 0
configure:14657: result: yes
configure:14662: checking if g++ supports -c -o file.o
configure:14709: result: yes
configure:14739: checking whether the g++ linker (/usr/bin/ld -m elf_x86_64) supports shared libraries
configure:14775: result: yes
configure:14916: checking dynamic linker characteristics
configure:15587: result: GNU/Linux ld.so
configure:15640: checking how to hardcode library paths into programs
configure:15665: result: immediate
configure:15756: checking for pkg-config
configure:15774: found /usr/bin/pkg-config
configure:15786: result: /usr/bin/pkg-config
configure:15811: checking pkg-config is at least version 0.9.0
configure:15814: result: yes
configure:15825: checking for omniORB4
configure:15831: $PKG_CONFIG --exists --print-errors "omniORB4 >= 4.0.0"
configure:15834: $? = 0
configure:15841: result: yes
configure:15882: checking for ossie home
configure:15912: result: /usr/local/redhawk/core
configure:15919: checking to see ossie is installed
configure:15929: checking for sdr root
configure:15952: result: /var/redhawk/sdr
configure:15968: using /var/redhawk/sdr/ as installation prefix
configure:15985: checking whether make supports nested variables
configure:16002: result: yes
configure:16017: checking for PROJECTDEPS
configure:16025: $PKG_CONFIG --exists --print-errors "ossie >= 2.2 omniORB4 >= 4.1.0"
configure:16028: $? = 0
configure:16043: $PKG_CONFIG --exists --print-errors "ossie >= 2.2 omniORB4 >= 4.1.0"
configure:16046: $? = 0
configure:16101: result: yes
configure:16107: checking for INTERFACEDEPS
configure:16115: $PKG_CONFIG --exists --print-errors "bulkio >= 2.2"
configure:16118: $? = 0
configure:16133: $PKG_CONFIG --exists --print-errors "bulkio >= 2.2"
configure:16136: $? = 0
configure:16191: result: yes
configure:16204: checking for LOG4CXX
configure:16212: $PKG_CONFIG --exists --print-errors "liblog4cxx >= 0.10.0"
configure:16215: $? = 0
configure:16230: $PKG_CONFIG --exists --print-errors "liblog4cxx >= 0.10.0"
configure:16233: $? = 0
configure:16288: result: yes
configure:16363: checking for boostlib >= 1.41
configure:16424: g++ -c -g -O2    -I/usr/include conftest.cpp >&5
configure:16424: $? = 0
configure:16426: result: yes
configure:16640: checking whether the Boost::System library is available
configure:16664: g++ -c -g -O2    -I/usr/include conftest.cpp >&5
configure:16664: $? = 0
configure:16679: result: yes
configure:16694: checking for exit in -lboost_system
configure:16719: gcc -o conftest -g -O2    -I/usr/include  -L/usr/lib64 conftest.c -lboost_system   -llog4cxx   >&5
conftest.c:35:6: warning: conflicting types for built-in function 'exit' [enabled by default]
 char exit ();
      ^
configure:16719: $? = 0
configure:16729: result: yes
configure:16881: checking whether the Boost::Thread library is available
configure:16913: g++ -c -pthread -g -O2    -I/usr/include conftest.cpp >&5
configure:16913: $? = 0
configure:16928: result: yes
configure:16957: checking for exit in -lboost_thread
configure:16982: gcc -o conftest -g -O2    -I/usr/include  -L/usr/lib64 conftest.c -lboost_thread   -llog4cxx   >&5
conftest.c:36:6: warning: conflicting types for built-in function 'exit' [enabled by default]
 char exit ();
      ^
configure:16982: $? = 0
configure:16992: result: yes
configure:17151: checking whether the Boost::Regex library is available
configure:17174: g++ -c -g -O2    -pthread -I/usr/include conftest.cpp >&5
configure:17174: $? = 0
configure:17188: result: yes
configure:17199: checking for exit in -lboost_regex-mt
configure:17224: gcc -o conftest -g -O2    -pthread -I/usr/include  -L/usr/lib64 conftest.c -lboost_regex-mt   -llog4cxx   >&5
conftest.c:37:6: warning: conflicting types for built-in function 'exit' [enabled by default]
 char exit ();
      ^
configure:17224: $? = 0
configure:17234: result: yes
configure:17495: checking that generated files are newer than configure
configure:17501: result: done
configure:17532: creating ./config.status

## ---------------------- ##
## Running config.status. ##
## ---------------------- ##

This file was extended by ConnectionSource config.status 1.0.0, which was
generated by GNU Autoconf 2.69.  Invocation command line was

  CONFIG_FILES    = 
  CONFIG_HEADERS  = 
  CONFIG_LINKS    = 
  CONFIG_COMMANDS = 
  $ ./config.status 

on eaf5d12d0f93

config.status:1086: creating Makefile
config.status:1258: executing depfiles commands
config.status:1258: executing libtool commands

## ---------------- ##
## Cache variables. ##
## ---------------- ##

ac_cv_build=x86_64-unknown-linux-gnu
ac_cv_c_compiler_gnu=yes
ac_cv_corba_omniorb4=yes
ac_cv_cxx_compiler_gnu=yes
ac_cv_env_CCC_set=
ac_cv_env_CCC_value=
ac_cv_env_CC_set=
ac_cv_env_CC_value=
ac_cv_env_CFLAGS_set=
ac_cv_env_CFLAGS_value=
ac_cv_env_CPPFLAGS_set=
ac_cv_env_CPPFLAGS_value=
ac_cv_env_CPP_set=
ac_cv_env_CPP_value=
ac_cv_env_CXXCPP_set=
ac_cv_env_CXXCPP_value=
ac_cv_env_CXXFLAGS_set=
ac_cv_env_CXXFLAGS_value=
ac_cv_env_CXX_set=
ac_cv_env_CXX_value=
ac_cv_env_INTERFACEDEPS_CFLAGS_set=
ac_cv_env_INTERFACEDEPS_CFLAGS_value=
ac_cv_env_INTERFACEDEPS_LIBS_set=
ac_cv_env_INTERFACEDEPS_LIBS_value=
ac_cv_env_LDFLAGS_set=
ac_cv_env_LDFLAGS_value=
ac_cv_env_LIBS_set=
ac_cv_env_LIBS_value=
ac_cv_env_LOG4CXX_CFLAGS_set=
ac_cv_env_LOG4CXX_CFLAGS_value=
ac_cv_env_LOG4CXX_LIBS_set=
ac_cv_env_LOG4CXX_LIBS_value=
ac_cv_env_PKG_CONFIG_set=
ac_cv_env_PKG_CONFIG_value=
ac_cv_env_PROJECTDEPS_CFLAGS_set=
ac_cv_env_PROJECTDEPS_CFLAGS_value=
ac_cv_env_PROJECTDEPS_LIBS_set=
ac_cv_env_PROJECTDEPS_LIBS_value=
ac_cv_env_build_alias_set=
ac_cv_env_build_alias_value=
ac_cv_env_host_alias_set=
ac_cv_env_host_alias_value=
ac_cv_env_target_alias_set=
ac_cv_env_target_alias_value=
ac_cv_func_dlopen=no
ac_cv_func_shl_load=no
ac_cv_header_dlfcn_h=yes
ac_cv_header_inttypes_h=yes
ac_cv_header_memory_h=yes
ac_cv_header_stdc=yes
ac_cv_header_stdint_h=yes
ac_cv_header_stdlib_h=yes
ac_cv_header_string_h=yes
ac_cv_header_strings_h=yes
ac_cv_header_sys_stat_h=yes
ac_cv_header_sys_types_h=yes
ac_cv_header_unistd_h=yes
ac_cv_host=x86_64-unknown-linux-gnu
ac_cv_lib_boost_regex_mt___exit=yes
ac_cv_lib_boost_system___exit=yes
ac_cv_lib_boost_thread___exit=yes
ac_cv_lib_dl_dlopen=yes
ac_cv_lib_dld_shl_load=no
ac_cv_objext=o
ac_cv_path_EGREP='/usr/bin/grep -E'
ac_cv_path_FGREP='/usr/bin/grep -F'
ac_cv_path_GREP=/usr/bin/grep
ac_cv_path_SED=/usr/bin/sed
ac_cv_path_ac_pt_PKG_CONFIG=/usr/bin/pkg-config
ac_cv_path_install='/usr/bin/install -c'
ac_cv_path_mkdir=/usr/bin/mkdir
ac_cv_prog_AWK=gawk
ac_cv_prog_CPP='gcc -E'
ac_cv_prog_CXXCPP='g++ -E'
ac_cv_prog_ac_ct_AR=ar
ac_cv_prog_ac_ct_CC=gcc
ac_cv_prog_ac_ct_CXX=g++
ac_cv_prog_ac_ct_OBJDUMP=objdump
ac_cv_prog_ac_ct_RANLIB=ranlib
ac_cv_prog_ac_ct_STRIP=strip
ac_cv_prog_cc_c89=
ac_cv_prog_cc_g=yes
ac_cv_prog_cxx_g=yes
ac_cv_prog_make_make_set=yes
am_cv_CC_dependencies_compiler_type=gcc3
am_cv_CXX_dependencies_compiler_type=gcc3
am_cv_make_support_nested_variables=yes
ax_cv_boost_regex=yes
ax_cv_boost_system=yes
ax_cv_boost_thread=yes
lt_cv_ar_at_file=@
lt_cv_archive_cmds_need_lc=no
lt_cv_deplibs_check_method=pass_all
lt_cv_dlopen=dlopen
lt_cv_dlopen_libs=-ldl
lt_cv_dlopen_self=yes
lt_cv_dlopen_self_static=yes
lt_cv_file_magic_cmd='$MAGIC_CMD'
lt_cv_file_magic_test_file=
lt_cv_ld_reload_flag=-r
lt_cv_nm_interface='BSD nm'
lt_cv_objdir=.libs
lt_cv_path_LD=/usr/bin/ld
lt_cv_path_LDCXX='/usr/bin/ld -m elf_x86_64'
lt_cv_path_NM='/usr/bin/nm -B'
lt_cv_path_mainfest_tool=no
lt_cv_prog_compiler_c_o=yes
lt_cv_prog_compiler_c_o_CXX=yes
lt_cv_prog_compiler_pic='-fPIC -DPIC'
lt_cv_prog_compiler_pic_CXX='-fPIC -DPIC'
lt_cv_prog_compiler_pic_works=yes
lt_cv_prog_compiler_pic_works_CXX=yes
lt_cv_prog_compiler_rtti_exceptions=no
lt_cv_prog_compiler_static_works=no
lt_cv_prog_compiler_static_works_CXX=no
lt_cv_prog_gnu_ld=yes
lt_cv_prog_gnu_ldcxx=yes
lt_cv_sharedlib_from_linklib_cmd='printf %s\n'
lt_cv_shlibpath_overrides_runpath=no
lt_cv_sys_global_symbol_pipe='sed -n -e '\''s/^.*[	 ]\([ABCDGIRSTW][ABCDGIRSTW]*\)[	 ][	 ]*\([_A-Za-z][_A-Za-z0-9]*\)$/\1 \2 \2/p'\'' | sed '\''/ __gnu_lto/d'\'''
lt_cv_sys_global_symbol_to_c_name_address='sed -n -e '\''s/^: \([^ ]*\)[ ]*$/  {\"\1\", (void *) 0},/p'\'' -e '\''s/^[ABCDGIRSTW]* \([^ ]*\) \([^ ]*\)$/  {"\2", (void *) \&\2},/p'\'''
lt_cv_sys_global_symbol_to_c_name_address_lib_prefix='sed -n -e '\''s/^: \([^ ]*\)[ ]*$/  {\"\1\", (void *) 0},/p'\'' -e '\''s/^[ABCDGIRSTW]* \([^ ]*\) \(lib[^ ]*\)$/  {"\2", (void *) \&\2},/p'\'' -e '\''s/^[ABCDGIRSTW]* \([^ ]*\) \([^ ]*\)$/  {"lib\2", (void *) \&\2},/p'\'''
lt_cv_sys_global_symbol_to_cdecl='sed -n -e '\''s/^T .* \(.*\)$/extern int \1();/p'\'' -e '\''s/^[ABCDGIRSTW]* .* \(.*\)$/extern char \1;/p'\'''
lt_cv_sys_max_cmd_len=1572864
lt_cv_to_host_file_cmd=func_convert_file_noop
lt_cv_to_tool_file_cmd=func_convert_file_noop
ossie_cv_ossie_home=/usr/local/redhawk/core
ossie_cv_sdr_root=/var/redhawk/sdr
pkg_cv_INTERFACEDEPS_CFLAGS='-D__x86_64__ -D__linux__ -D__OSVERSION__=2 -DENABLE_EVENTS=1 -I/usr/local/redhawk/core/include/bulkio -I/usr/local/redhawk/core/include/ossie -I/usr/local/redhawk/core/include -I/usr/local/redhawk/core/share/idl  '
pkg_cv_INTERFACEDEPS_LIBS='-L/usr/local/redhawk/core/lib64 -lbulkio-2.2 -lbulkioInterfaces -lossiecf -lossieidl -lCOS4 -lomniDynamic4 -lomniORB4 -lomnithread  '
pkg_cv_LOG4CXX_CFLAGS=' '
pkg_cv_LOG4CXX_LIBS='-llog4cxx  '
pkg_cv_PROJECTDEPS_CFLAGS='-D__x86_64__ -D__linux__ -D__OSVERSION__=2 -DENABLE_EVENTS=1 -I/usr/local/redhawk/core/include -I/usr/local/redhawk/core/include/ossie -I/usr/local/redhawk/core/share/idl  '
pkg_cv_PROJECTDEPS_LIBS='-L/usr/local/redhawk/core/lib64 -lossiecf -lossieidl -lCOS4 -lomniDynamic4 -lomniORB4 -lomnithread  '

## ----------------- ##
## Output variables. ##
## ----------------- ##

ACLOCAL='${SHELL} /home/user/workspace/ConnectionSource/cpp/missing aclocal-1.13'
AMDEPBACKSLASH='\'
AMDEP_FALSE='#'
AMDEP_TRUE=''
AMTAR='$${TAR-tar}'
AM_BACKSLASH='\'
AM_DEFAULT_V='$(AM_DEFAULT_VERBOSITY)'
AM_DEFAULT_VERBOSITY='0'
AM_V='$(V)'
AR='ar'
AUTOCONF='${SHELL} /home/user/workspace/ConnectionSource/cpp/missing autoconf'
AUTOHEADER='${SHELL} /home/user/workspace/ConnectionSource/cpp/missing autoheader'
AUTOMAKE='${SHELL} /home/user/workspace/ConnectionSource/cpp/missing automake-1.13'
AWK='gawk'
BOOST_CPPFLAGS='-pthread -I/usr/include'
BOOST_LDFLAGS='-L/usr/lib64'
BOOST_REGEX_LIB='-lboost_regex-mt'
BOOST_SYSTEM_LIB='-lboost_system'
BOOST_THREAD_LIB='-lboost_thread'
CC='gcc'
CCDEPMODE='depmode=gcc3'
CFLAGS='-g -O2'
CORBA_ORB='omniORB4'
CPP='gcc -E'
CPPFLAGS='  '
CXX='g++'
CXXCPP='g++ -E'
CXXDEPMODE='depmode=gcc3'
CXXFLAGS='-g -O2'
CYGPATH_W='echo'
DEFS='-DPACKAGE_NAME=\"ConnectionSource\" -DPACKAGE_TARNAME=\"connectionsource\" -DPACKAGE_VERSION=\"1.0.0\" -DPACKAGE_STRING=\"ConnectionSource\ 1.0.0\" -DPACKAGE_BUGREPORT=\"\" -DPACKAGE_URL=\"\" -DPACKAGE=\"connectionsource\" -DVERSION=\"1.0.0\" -DSTDC_HEADERS=1 -DHAVE_SYS_TYPES_H=1 -DHAVE_SYS_STAT_H=1 -DHAVE_STDLIB_H=1 -DHAVE_STRING_H=1 -DHAVE_MEMORY_H=1 -DHAVE_STRINGS_H=1 -DHAVE_INTTYPES_H=1 -DHAVE_STDINT_H=1 -DHAVE_UNISTD_H=1 -DHAVE_DLFCN_H=1 -DLT_OBJDIR=\".libs/\" -DHAVE_OMNIORB4=1 -DHAVE_LOG4CXX=1 -DRH_LOGGER=1 -DHAVE_BOOST=1 -DHAVE_BOOST_SYSTEM=1 -DHAVE_BOOST_THREAD=1 -DHAVE_BOOST_REGEX=1'
DEPDIR='.deps'
DLLTOOL='false'
DSYMUTIL=''
DUMPBIN=''
ECHO_C=''
ECHO_N='-n'
ECHO_T=''
EGREP='/usr/bin/grep -E'
EXEEXT=''
FGREP='/usr/bin/grep -F'
GREP='/usr/bin/grep'
HAVE_LOG4CXX='-DHAVE_LOG4CXX=1'
INSTALL_DATA='${INSTALL} -m 644'
INSTALL_PROGRAM='${INSTALL}'
INSTALL_SCRIPT='${INSTALL}'
INSTALL_STRIP_PROGRAM='$(install_sh) -c -s'
INTERFACEDEPS_CFLAGS='-D__x86_64__ -D__linux__ -D__OSVERSION__=2 -DENABLE_EVENTS=1 -I/usr/local/redhawk/core/include/bulkio -I/usr/local/redhawk/core/include/ossie -I/usr/local/redhawk/core/include -I/usr/local/redhawk/core/share/idl  '
INTERFACEDEPS_LIBS='-L/usr/local/redhawk/core/lib64 -lbulkio-2.2 -lbulkioInterfaces -lossiecf -lossieidl -lCOS4 -lomniDynamic4 -lomniORB4 -lomnithread  '
LD='/usr/bin/ld -m elf_x86_64'
LDFLAGS=''
LIBOBJS=''
LIBS=' -llog4cxx  '
LIBTOOL='$(SHELL) $(top_builddir)/libtool'
LIPO=''
LN_S='ln -s'
LOG4CXX_CFLAGS=' '
LOG4CXX_LIBS='-llog4cxx  '
LTLIBOBJS=''
MAKEINFO='${SHELL} /home/user/workspace/ConnectionSource/cpp/missing makeinfo'
MANIFEST_TOOL=':'
MKDIR_P='/usr/bin/mkdir -p'
NM='/usr/bin/nm -B'
NMEDIT=''
OBJDUMP='objdump'
OBJEXT='o'
OSSIE_HOME='/usr/local/redhawk/core'
OTOOL64=''
OTOOL=''
PACKAGE='connectionsource'
PACKAGE_BUGREPORT=''
PACKAGE_NAME='ConnectionSource'
PACKAGE_STRING='ConnectionSource 1.0.0'
PACKAGE_TARNAME='connectionsource'
PACKAGE_URL=''
PACKAGE_VERSION='1.0.0'
PATH_SEPARATOR=':'
PKG_CONFIG='/usr/bin/pkg-config'
PROJECTDEPS_CFLAGS='-D__x86_64__ -D__linux__ -D__OSVERSION__=2 -DENABLE_EVENTS=1 -I/usr/local/redhawk/core/include -I/usr/local/redhawk/core/include/ossie -I/usr/local/redhawk/core/share/idl  '
PROJECTDEPS_LIBS='-L/usr/local/redhawk/core/lib64 -lossiecf -lossieidl -lCOS4 -lomniDynamic4 -lomniORB4 -lomnithread  '
RANLIB='ranlib'
SDR_ROOT='/var/redhawk/sdr'
SED='/usr/bin/sed'
SET_MAKE=''
SHELL='/bin/sh'
STRIP='strip'
VERSION='1.0.0'
WITH_LOG4CXX='yes'
ac_ct_AR='ar'
ac_ct_CC='gcc'
ac_ct_CXX='g++'
ac_ct_DUMPBIN=''
am__EXEEXT_FALSE=''
am__EXEEXT_TRUE='#'
am__fastdepCC_FALSE='#'
am__fastdepCC_TRUE=''
am__fastdepCXX_FALSE='#'
am__fastdepCXX_TRUE=''
am__include='include'
am__isrc=''
am__leading_dot='.'
am__nodep='_no'
am__quote=''
am__tar='$${TAR-tar} chof - "$$tardir"'
am__untar='$${TAR-tar} xf -'
bindir='${exec_prefix}/bin'
build='x86_64-unknown-linux-gnu'
build_alias=''
build_cpu='x86_64'
build_os='linux-gnu'
build_vendor='unknown'
datadir='${datarootdir}'
datarootdir='${prefix}/share'
docdir='${datarootdir}/doc/${PACKAGE_TARNAME}'
dvidir='${docdir}'
exec_prefix='${prefix}'
host='x86_64-unknown-linux-gnu'
host_alias=''
host_cpu='x86_64'
host_os='linux-gnu'
host_vendor='unknown'
htmldir='${docdir}'
includedir='${prefix}/include'
infodir='${datarootdir}/info'
install_sh='${SHELL} /home/user/workspace/ConnectionSource/cpp/install-sh'
libdir='${exec_prefix}/lib'
libexecdir='${exec_prefix}/libexec'
localedir='${datarootdir}/locale'
localstatedir='${prefix}/var'
mandir='${datarootdir}/man'
mkdir_p='$(MKDIR_P)'
oldincludedir='/usr/include'
pdfdir='${docdir}'
prefix='/var/redhawk/sdr/'
program_transform_name='s,x,x,'
psdir='${docdir}'
sbindir='${exec_prefix}/sbin'
sharedstatedir='${prefix}/com'
sysconfdir='${prefix}/etc'
target_alias=''

## ----------- ##
## confdefs.h. ##
## ----------- ##

/* confdefs.h */
#define PACKAGE_NAME "ConnectionSource"
#define PACKAGE_TARNAME "connectionsource"
#define PACKAGE_VERSION "1.0.0"
#define PACKAGE_STRING "ConnectionSource 1.0.0"
#define PACKAGE_BUGREPORT ""
#define PACKAGE_URL ""
#define PACKAGE "connectionsource"
#define VERSION "1.0.0"
#define STDC_HEADERS 1
#define HAVE_SYS_TYPES_H 1
#define HAVE_SYS_STAT_H 1
#define HAVE_STDLIB_H 1
#define HAVE_STRING_H 1
#define HAVE_MEMORY_H 1
#define HAVE_STRINGS_H 1
#define HAVE_INTTYPES_H 1
#define HAVE_STDINT_H 1
#define HAVE_UNISTD_H 1
#define HAVE_DLFCN_H 1
#define LT_OBJDIR ".libs/"
#define HAVE_OMNIORB4 1
#define HAVE_LOG4CXX 1
#define RH_LOGGER 1
#define HAVE_BOOST 1
#define HAVE_BOOST_SYSTEM 1
#define HAVE_BOOST_THREAD 1
#define HAVE_BOOST_REGEX 1

configure: exit 0
