2018-02-11 16:48:14,506 Welcome to p-fish version1.0 ... New Scan Started
2018-02-11 16:48:14,506 System: darwin
2018-02-11 16:48:14,506 Version: 2.7.10 (default, Jul 15 2017, 17:16:57) 
[GCC 4.2.1 Compatible Apple LLVM 9.0.0 (clang-900.0.31)]
2018-02-11 16:48:14,530 Root Path: ./ROMs/
2018-02-11 16:50:50,134 Welcome to p-fish version1.0 ... New Scan Started
2018-02-11 16:50:50,134 System: darwin
2018-02-11 16:50:50,134 Version: 2.7.10 (default, Jul 15 2017, 17:16:57) 
[GCC 4.2.1 Compatible Apple LLVM 9.0.0 (clang-900.0.31)]
2018-02-11 16:50:50,135 Root Path: ./ROMs/
2018-02-11 16:51:03,257 Welcome to p-fish version1.0 ... New Scan Started
2018-02-11 16:51:03,257 System: darwin
2018-02-11 16:51:03,257 Version: 2.7.10 (default, Jul 15 2017, 17:16:57) 
[GCC 4.2.1 Compatible Apple LLVM 9.0.0 (clang-900.0.31)]
2018-02-11 16:51:03,258 Root Path: ./ROMs/
2018-02-11 16:51:09,712 Files processed: 5
2018-02-11 16:51:09,752 Elapsed time: 6.45441699028 seconds
2018-02-11 16:51:09,752 Program Terminated Normally
2018-02-11 16:53:43,462 Welcome to p-fish version1.0 ... New Scan Started
2018-02-11 16:53:43,462 System: darwin
2018-02-11 16:53:43,462 Version: 2.7.10 (default, Jul 15 2017, 17:16:57) 
[GCC 4.2.1 Compatible Apple LLVM 9.0.0 (clang-900.0.31)]
2018-02-11 16:53:43,462 Root Path: ./ROMs/
2018-02-11 16:53:45,007 Files processed: 5
2018-02-11 16:53:45,007 Elapsed time: 1.54499697685 seconds
2018-02-11 16:53:45,007 Program Terminated Normally
2018-02-11 16:55:03,546 Welcome to p-fish version 1.0 ... New Scan Started
2018-02-11 16:55:03,546 System: darwin
2018-02-11 16:55:03,546 Version: 2.7.10 (default, Jul 15 2017, 17:16:57) 
[GCC 4.2.1 Compatible Apple LLVM 9.0.0 (clang-900.0.31)]
2018-02-11 16:55:03,546 Root Path: ./ROMs/
2018-02-11 16:55:04,501 Files processed: 5
2018-02-11 16:55:04,501 Elapsed time: 0.954823970795 seconds
2018-02-11 16:55:04,501 Program Terminated Normally
